[7.896s] DEBUG:colcon:Command line arguments: ['/usr/bin/colcon', 'build', '--packages-select', 'ros2_project']
[7.897s] DEBUG:colcon:Parsed command line arguments: Namespace(ament_cmake_args=None, base_paths=['.'], build_base='build', catkin_cmake_args=None, catkin_skip_building_tests=False, cmake_args=None, cmake_clean_cache=False, cmake_clean_first=False, cmake_force_configure=False, cmake_target=None, cmake_target_skip_unavailable=False, continue_on_error=False, event_handlers=None, executor='parallel', ignore_user_meta=False, install_base='install', log_base=None, log_level=None, main=<bound method BuildVerb.main of <colcon_core.verb.build.BuildVerb object at 0x7fd00aa914f0>>, merge_install=False, metas=['./colcon.meta'], packages_above=None, packages_above_and_dependencies=None, packages_above_depth=None, packages_end=None, packages_ignore=None, packages_ignore_regex=None, packages_select=['ros2_project'], packages_select_build_failed=False, packages_select_by_dep=None, packages_select_regex=None, packages_select_test_failures=False, packages_skip=None, packages_skip_build_finished=False, packages_skip_by_dep=None, packages_skip_regex=None, packages_skip_test_passed=False, packages_skip_up_to=None, packages_start=None, packages_up_to=None, packages_up_to_regex=None, parallel_workers=4, paths=None, symlink_install=False, test_result_base=None, verb_extension=<colcon_core.verb.build.BuildVerb object at 0x7fd00aa914f0>, verb_name='build', verb_parser=<colcon_defaults.argument_parser.defaults.DefaultArgumentsDecorator object at 0x7fd00aa91a30>)
[8.002s] Level 1:colcon.colcon_core.package_discovery:discover_packages(colcon_meta) check parameters
[8.002s] Level 1:colcon.colcon_core.package_discovery:discover_packages(recursive) check parameters
[8.002s] Level 1:colcon.colcon_core.package_discovery:discover_packages(ignore) check parameters
[8.002s] Level 1:colcon.colcon_core.package_discovery:discover_packages(path) check parameters
[8.002s] Level 1:colcon.colcon_core.package_discovery:discover_packages(colcon_meta) discover
[8.002s] Level 1:colcon.colcon_core.package_discovery:discover_packages(recursive) discover
[8.002s] INFO:colcon.colcon_core.package_discovery:Crawling recursively for packages in '/home/michael/test_ws/src/ros2_project/launch'
[8.003s] Level 1:colcon.colcon_core.package_identification:_identify(.) by extensions ['ignore', 'ignore_ament_install']
[8.003s] Level 1:colcon.colcon_core.package_identification:_identify(.) by extension 'ignore'
[8.003s] Level 1:colcon.colcon_core.package_identification:_identify(.) by extension 'ignore_ament_install'
[8.003s] Level 1:colcon.colcon_core.package_identification:_identify(.) by extensions ['colcon_pkg']
[8.003s] Level 1:colcon.colcon_core.package_identification:_identify(.) by extension 'colcon_pkg'
[8.003s] Level 1:colcon.colcon_core.package_identification:_identify(.) by extensions ['colcon_meta']
[8.003s] Level 1:colcon.colcon_core.package_identification:_identify(.) by extension 'colcon_meta'
[8.003s] Level 1:colcon.colcon_core.package_identification:_identify(.) by extensions ['ros']
[8.003s] Level 1:colcon.colcon_core.package_identification:_identify(.) by extension 'ros'
[8.370s] Level 1:colcon.colcon_core.package_identification:_identify(.) by extensions ['cmake', 'python']
[8.370s] Level 1:colcon.colcon_core.package_identification:_identify(.) by extension 'cmake'
[8.370s] Level 1:colcon.colcon_core.package_identification:_identify(.) by extension 'python'
[8.370s] Level 1:colcon.colcon_core.package_identification:_identify(.) by extensions ['python_setup_py']
[8.370s] Level 1:colcon.colcon_core.package_identification:_identify(.) by extension 'python_setup_py'
[8.371s] Level 1:colcon.colcon_core.package_identification:_identify(build) by extensions ['ignore', 'ignore_ament_install']
[8.371s] Level 1:colcon.colcon_core.package_identification:_identify(build) by extension 'ignore'
[8.371s] Level 1:colcon.colcon_core.package_identification:_identify(build) ignored
[8.372s] Level 1:colcon.colcon_core.package_identification:_identify(install) by extensions ['ignore', 'ignore_ament_install']
[8.372s] Level 1:colcon.colcon_core.package_identification:_identify(install) by extension 'ignore'
[8.372s] Level 1:colcon.colcon_core.package_identification:_identify(install) ignored
[8.372s] Level 1:colcon.colcon_core.package_identification:_identify(log) by extensions ['ignore', 'ignore_ament_install']
[8.372s] Level 1:colcon.colcon_core.package_identification:_identify(log) by extension 'ignore'
[8.372s] Level 1:colcon.colcon_core.package_identification:_identify(log) ignored
[8.373s] Level 1:colcon.colcon_core.package_discovery:discover_packages(recursive) using defaults
[8.373s] Level 1:colcon.colcon_core.package_discovery:discover_packages(ignore) discover
[8.373s] Level 1:colcon.colcon_core.package_discovery:discover_packages(ignore) using defaults
[8.373s] Level 1:colcon.colcon_core.package_discovery:discover_packages(path) discover
[8.373s] Level 1:colcon.colcon_core.package_discovery:discover_packages(path) using defaults
[8.375s] WARNING:colcon.colcon_core.package_selection:ignoring unknown package 'ros2_project' in --packages-select
[8.639s] INFO:colcon.colcon_core.executor:Executing jobs using 'parallel' executor
[8.642s] DEBUG:colcon.colcon_parallel_executor.executor.parallel:run_until_complete
[8.643s] DEBUG:colcon.colcon_parallel_executor.executor.parallel:closing loop
[8.643s] DEBUG:colcon.colcon_parallel_executor.executor.parallel:loop closed
[8.643s] DEBUG:colcon.colcon_parallel_executor.executor.parallel:run_until_complete finished with '0'
[8.643s] DEBUG:colcon.colcon_core.event_reactor:joining thread
[8.968s] INFO:colcon.colcon_core.plugin_system:Skipping extension 'colcon_notification.desktop_notification.terminal_notifier': Not used on non-Darwin systems
[8.969s] INFO:colcon.colcon_core.plugin_system:Skipping extension 'colcon_notification.desktop_notification.win32': Not used on non-Windows systems
[8.969s] INFO:colcon.colcon_notification.desktop_notification:Sending desktop notification using 'notify2'
[11.067s] DEBUG:colcon.colcon_core.event_reactor:joined thread
[11.256s] INFO:colcon.colcon_core.plugin_system:Skipping extension 'colcon_core.shell.bat': Not used on non-Windows systems
[11.256s] INFO:colcon.colcon_core.shell:Creating prefix script '/home/michael/test_ws/src/ros2_project/launch/install/local_setup.ps1'
[11.281s] INFO:colcon.colcon_core.shell:Creating prefix util module '/home/michael/test_ws/src/ros2_project/launch/install/_local_setup_util_ps1.py'
[11.301s] INFO:colcon.colcon_core.shell:Creating prefix chain script '/home/michael/test_ws/src/ros2_project/launch/install/setup.ps1'
[11.434s] INFO:colcon.colcon_core.shell:Creating prefix script '/home/michael/test_ws/src/ros2_project/launch/install/local_setup.sh'
[11.435s] INFO:colcon.colcon_core.shell:Creating prefix util module '/home/michael/test_ws/src/ros2_project/launch/install/_local_setup_util_sh.py'
[11.436s] INFO:colcon.colcon_core.shell:Creating prefix chain script '/home/michael/test_ws/src/ros2_project/launch/install/setup.sh'
[11.440s] INFO:colcon.colcon_core.shell:Creating prefix script '/home/michael/test_ws/src/ros2_project/launch/install/local_setup.bash'
[11.496s] INFO:colcon.colcon_core.shell:Creating prefix chain script '/home/michael/test_ws/src/ros2_project/launch/install/setup.bash'
[11.499s] INFO:colcon.colcon_core.shell:Creating prefix script '/home/michael/test_ws/src/ros2_project/launch/install/local_setup.zsh'
[11.514s] INFO:colcon.colcon_core.shell:Creating prefix chain script '/home/michael/test_ws/src/ros2_project/launch/install/setup.zsh'
